2024-07-19T13:13:39.181+0500	ERROR	handler/restaurants.go:68	Error with decoding responce	{"error": "unexpected end of JSON input"}
lesson62/api/handler.(*Handler).GetAllRestaurants
	/home/saidakbar/Desktop/Go11Group/Saidakbar/lesson62/api/handler/restaurants.go:68
github.com/gin-gonic/gin.(*Context).Next
	/home/saidakbar/go/pkg/mod/github.com/gin-gonic/gin@v1.10.0/context.go:185
github.com/gin-gonic/gin.CustomRecoveryWithWriter.func1
	/home/saidakbar/go/pkg/mod/github.com/gin-gonic/gin@v1.10.0/recovery.go:102
github.com/gin-gonic/gin.(*Context).Next
	/home/saidakbar/go/pkg/mod/github.com/gin-gonic/gin@v1.10.0/context.go:185
github.com/gin-gonic/gin.LoggerWithConfig.func1
	/home/saidakbar/go/pkg/mod/github.com/gin-gonic/gin@v1.10.0/logger.go:249
github.com/gin-gonic/gin.(*Context).Next
	/home/saidakbar/go/pkg/mod/github.com/gin-gonic/gin@v1.10.0/context.go:185
github.com/gin-gonic/gin.(*Engine).handleHTTPRequest
	/home/saidakbar/go/pkg/mod/github.com/gin-gonic/gin@v1.10.0/gin.go:633
github.com/gin-gonic/gin.(*Engine).ServeHTTP
	/home/saidakbar/go/pkg/mod/github.com/gin-gonic/gin@v1.10.0/gin.go:589
net/http.serverHandler.ServeHTTP
	/usr/lib/go-1.22/src/net/http/server.go:3137
net/http.(*conn).serve
	/usr/lib/go-1.22/src/net/http/server.go:2039
2024-07-19T13:18:15.632+0500	ERROR	handler/restaurants.go:59	Error with Getting all restaurant	{"error": "json: Unmarshal(non-pointer models.RestaurantGet)"}
lesson62/api/handler.(*Handler).GetAllRestaurants
	/home/saidakbar/Desktop/Go11Group/Saidakbar/lesson62/api/handler/restaurants.go:59
github.com/gin-gonic/gin.(*Context).Next
	/home/saidakbar/go/pkg/mod/github.com/gin-gonic/gin@v1.10.0/context.go:185
github.com/gin-gonic/gin.CustomRecoveryWithWriter.func1
	/home/saidakbar/go/pkg/mod/github.com/gin-gonic/gin@v1.10.0/recovery.go:102
github.com/gin-gonic/gin.(*Context).Next
	/home/saidakbar/go/pkg/mod/github.com/gin-gonic/gin@v1.10.0/context.go:185
github.com/gin-gonic/gin.LoggerWithConfig.func1
	/home/saidakbar/go/pkg/mod/github.com/gin-gonic/gin@v1.10.0/logger.go:249
github.com/gin-gonic/gin.(*Context).Next
	/home/saidakbar/go/pkg/mod/github.com/gin-gonic/gin@v1.10.0/context.go:185
github.com/gin-gonic/gin.(*Engine).handleHTTPRequest
	/home/saidakbar/go/pkg/mod/github.com/gin-gonic/gin@v1.10.0/gin.go:633
github.com/gin-gonic/gin.(*Engine).ServeHTTP
	/home/saidakbar/go/pkg/mod/github.com/gin-gonic/gin@v1.10.0/gin.go:589
net/http.serverHandler.ServeHTTP
	/usr/lib/go-1.22/src/net/http/server.go:3137
net/http.(*conn).serve
	/usr/lib/go-1.22/src/net/http/server.go:2039
2024-07-19T13:54:09.490+0500	ERROR	handler/restaurants.go:78	Error with Getting data from database	{"error": "redis: nil"}
lesson62/api/handler.(*Handler).GetById
	/home/saidakbar/Desktop/Go11Group/Saidakbar/lesson62/api/handler/restaurants.go:78
github.com/gin-gonic/gin.(*Context).Next
	/home/saidakbar/go/pkg/mod/github.com/gin-gonic/gin@v1.10.0/context.go:185
github.com/gin-gonic/gin.CustomRecoveryWithWriter.func1
	/home/saidakbar/go/pkg/mod/github.com/gin-gonic/gin@v1.10.0/recovery.go:102
github.com/gin-gonic/gin.(*Context).Next
	/home/saidakbar/go/pkg/mod/github.com/gin-gonic/gin@v1.10.0/context.go:185
github.com/gin-gonic/gin.LoggerWithConfig.func1
	/home/saidakbar/go/pkg/mod/github.com/gin-gonic/gin@v1.10.0/logger.go:249
github.com/gin-gonic/gin.(*Context).Next
	/home/saidakbar/go/pkg/mod/github.com/gin-gonic/gin@v1.10.0/context.go:185
github.com/gin-gonic/gin.(*Engine).handleHTTPRequest
	/home/saidakbar/go/pkg/mod/github.com/gin-gonic/gin@v1.10.0/gin.go:633
github.com/gin-gonic/gin.(*Engine).ServeHTTP
	/home/saidakbar/go/pkg/mod/github.com/gin-gonic/gin@v1.10.0/gin.go:589
net/http.serverHandler.ServeHTTP
	/usr/lib/go-1.22/src/net/http/server.go:3137
net/http.(*conn).serve
	/usr/lib/go-1.22/src/net/http/server.go:2039
2024-07-21T16:40:48.521+0500	ERROR	handler/restaurants.go:78	Error with Getting data from database	{"error": "redis: nil"}
lesson62/api/handler.(*Handler).GetById
	/home/saidakbar/Desktop/Go11Group/Saidakbar/lesson62/api/handler/restaurants.go:78
github.com/gin-gonic/gin.(*Context).Next
	/home/saidakbar/Desktop/Go11Group/Saidakbar/lesson62/vendor/github.com/gin-gonic/gin/context.go:185
lesson62/api.NewRouter.CheckPermissionMiddleware.func1
	/home/saidakbar/Desktop/Go11Group/Saidakbar/lesson62/api/middleware/middleware.go:63
github.com/gin-gonic/gin.(*Context).Next
	/home/saidakbar/Desktop/Go11Group/Saidakbar/lesson62/vendor/github.com/gin-gonic/gin/context.go:185
github.com/gin-gonic/gin.CustomRecoveryWithWriter.func1
	/home/saidakbar/Desktop/Go11Group/Saidakbar/lesson62/vendor/github.com/gin-gonic/gin/recovery.go:102
github.com/gin-gonic/gin.(*Context).Next
	/home/saidakbar/Desktop/Go11Group/Saidakbar/lesson62/vendor/github.com/gin-gonic/gin/context.go:185
github.com/gin-gonic/gin.LoggerWithConfig.func1
	/home/saidakbar/Desktop/Go11Group/Saidakbar/lesson62/vendor/github.com/gin-gonic/gin/logger.go:249
github.com/gin-gonic/gin.(*Context).Next
	/home/saidakbar/Desktop/Go11Group/Saidakbar/lesson62/vendor/github.com/gin-gonic/gin/context.go:185
github.com/gin-gonic/gin.(*Engine).handleHTTPRequest
	/home/saidakbar/Desktop/Go11Group/Saidakbar/lesson62/vendor/github.com/gin-gonic/gin/gin.go:633
github.com/gin-gonic/gin.(*Engine).ServeHTTP
	/home/saidakbar/Desktop/Go11Group/Saidakbar/lesson62/vendor/github.com/gin-gonic/gin/gin.go:589
net/http.serverHandler.ServeHTTP
	/usr/lib/go-1.22/src/net/http/server.go:3137
net/http.(*conn).serve
	/usr/lib/go-1.22/src/net/http/server.go:2039
2024-07-21T16:46:34.433+0500	ERROR	handler/users.go:78	Error with Getting data from database	{"error": "redis: nil"}
lesson62/api/handler.(*Handler).GetUserById
	/home/saidakbar/Desktop/Go11Group/Saidakbar/lesson62/api/handler/users.go:78
github.com/gin-gonic/gin.(*Context).Next
	/home/saidakbar/Desktop/Go11Group/Saidakbar/lesson62/vendor/github.com/gin-gonic/gin/context.go:185
lesson62/api.NewRouter.CheckPermissionMiddleware.func1
	/home/saidakbar/Desktop/Go11Group/Saidakbar/lesson62/api/middleware/middleware.go:63
github.com/gin-gonic/gin.(*Context).Next
	/home/saidakbar/Desktop/Go11Group/Saidakbar/lesson62/vendor/github.com/gin-gonic/gin/context.go:185
github.com/gin-gonic/gin.CustomRecoveryWithWriter.func1
	/home/saidakbar/Desktop/Go11Group/Saidakbar/lesson62/vendor/github.com/gin-gonic/gin/recovery.go:102
github.com/gin-gonic/gin.(*Context).Next
	/home/saidakbar/Desktop/Go11Group/Saidakbar/lesson62/vendor/github.com/gin-gonic/gin/context.go:185
github.com/gin-gonic/gin.LoggerWithConfig.func1
	/home/saidakbar/Desktop/Go11Group/Saidakbar/lesson62/vendor/github.com/gin-gonic/gin/logger.go:249
github.com/gin-gonic/gin.(*Context).Next
	/home/saidakbar/Desktop/Go11Group/Saidakbar/lesson62/vendor/github.com/gin-gonic/gin/context.go:185
github.com/gin-gonic/gin.(*Engine).handleHTTPRequest
	/home/saidakbar/Desktop/Go11Group/Saidakbar/lesson62/vendor/github.com/gin-gonic/gin/gin.go:633
github.com/gin-gonic/gin.(*Engine).ServeHTTP
	/home/saidakbar/Desktop/Go11Group/Saidakbar/lesson62/vendor/github.com/gin-gonic/gin/gin.go:589
net/http.serverHandler.ServeHTTP
	/usr/lib/go-1.22/src/net/http/server.go:3137
net/http.(*conn).serve
	/usr/lib/go-1.22/src/net/http/server.go:2039
